# JRE version: OpenJDK Runtime Environment (8.0_152-b01) (build 1.8.0_152-release-1248-b01)
# Java VM: OpenJDK 64-Bit Server VM (25.152-b01 mixed mode linux-amd64 compressed oops)
Heap:
 PSYoungGen      total 282112K, used 44533K [0x00000000e0000000, 0x00000000f5580000, 0x0000000100000000)
  eden space 237568K, 0% used [0x00000000e0000000,0x00000000e0000000,0x00000000ee800000)
  from space 44544K, 99% used [0x00000000ee800000,0x00000000f137d7d8,0x00000000f1380000)
  to   space 29184K, 0% used [0x00000000f1380000,0x00000000f1380000,0x00000000f3000000)
 ParOldGen       total 132608K, used 117434K [0x00000000a0000000, 0x00000000a8180000, 0x00000000e0000000)
  object space 132608K, 88% used [0x00000000a0000000,0x00000000a72aeb30,0x00000000a8180000)
 Metaspace       used 75297K, capacity 78022K, committed 78208K, reserved 1116160K
  class space    used 9864K, capacity 10506K, committed 10624K, reserved 1048576K
GC Heap History (10 events):
Event: 12,085 GC heap after
Heap after GC invocations=11 (full 2):
 PSYoungGen      total 178688K, used 15357K [0x00000000e0000000, 0x00000000ef500000, 0x0000000100000000)
  eden space 163328K, 0% used [0x00000000e0000000,0x00000000e0000000,0x00000000e9f80000)
  from space 15360K, 99% used [0x00000000e9f80000,0x00000000eae7f520,0x00000000eae80000)
  to   space 21504K, 0% used [0x00000000ee000000,0x00000000ee000000,0x00000000ef500000)
 ParOldGen       total 88064K, used 30811K [0x00000000a0000000, 0x00000000a5600000, 0x00000000e0000000)
  object space 88064K, 34% used [0x00000000a0000000,0x00000000a1e16db8,0x00000000a5600000)
 Metaspace       used 54821K, capacity 56324K, committed 56576K, reserved 1097728K
  class space    used 7479K, capacity 7859K, committed 7936K, reserved 1048576K
}
Event: 14,337 GC heap before
{Heap before GC invocations=12 (full 2):
 PSYoungGen      total 178688K, used 117287K [0x00000000e0000000, 0x00000000ef500000, 0x0000000100000000)
  eden space 163328K, 62% used [0x00000000e0000000,0x00000000e638a818,0x00000000e9f80000)
  from space 15360K, 99% used [0x00000000e9f80000,0x00000000eae7f520,0x00000000eae80000)
  to   space 21504K, 0% used [0x00000000ee000000,0x00000000ee000000,0x00000000ef500000)
 ParOldGen       total 88064K, used 30811K [0x00000000a0000000, 0x00000000a5600000, 0x00000000e0000000)
  object space 88064K, 34% used [0x00000000a0000000,0x00000000a1e16db8,0x00000000a5600000)
 Metaspace       used 57393K, capacity 58978K, committed 59028K, reserved 1099776K
  class space    used 7782K, capacity 8184K, committed 8192K, reserved 1048576K
Event: 14,372 GC heap after
Heap after GC invocations=12 (full 2):
 PSYoungGen      total 225280K, used 12747K [0x00000000e0000000, 0x00000000ef280000, 0x0000000100000000)
  eden space 206336K, 0% used [0x00000000e0000000,0x00000000e0000000,0x00000000ec980000)
  from space 18944K, 67% used [0x00000000ee000000,0x00000000eec72d90,0x00000000ef280000)
  to   space 20992K, 0% used [0x00000000ec980000,0x00000000ec980000,0x00000000ede00000)
 ParOldGen       total 88064K, used 38392K [0x00000000a0000000, 0x00000000a5600000, 0x00000000e0000000)
  object space 88064K, 43% used [0x00000000a0000000,0x00000000a257e0e8,0x00000000a5600000)
 Metaspace       used 57393K, capacity 58978K, committed 59028K, reserved 1099776K
  class space    used 7782K, capacity 8184K, committed 8192K, reserved 1048576K
}
Event: 14,372 GC heap before
{Heap before GC invocations=13 (full 3):
 PSYoungGen      total 225280K, used 12747K [0x00000000e0000000, 0x00000000ef280000, 0x0000000100000000)
  eden space 206336K, 0% used [0x00000000e0000000,0x00000000e0000000,0x00000000ec980000)
  from space 18944K, 67% used [0x00000000ee000000,0x00000000eec72d90,0x00000000ef280000)
  to   space 20992K, 0% used [0x00000000ec980000,0x00000000ec980000,0x00000000ede00000)
 ParOldGen       total 88064K, used 38392K [0x00000000a0000000, 0x00000000a5600000, 0x00000000e0000000)
  object space 88064K, 43% used [0x00000000a0000000,0x00000000a257e0e8,0x00000000a5600000)
 Metaspace       used 57393K, capacity 58978K, committed 59028K, reserved 1099776K
  class space    used 7782K, capacity 8184K, committed 8192K, reserved 1048576K
Event: 14,666 GC heap after
Heap after GC invocations=13 (full 3):
 PSYoungGen      total 225280K, used 0K [0x00000000e0000000, 0x00000000ef280000, 0x0000000100000000)
  eden space 206336K, 0% used [0x00000000e0000000,0x00000000e0000000,0x00000000ec980000)
  from space 18944K, 0% used [0x00000000ee000000,0x00000000ee000000,0x00000000ef280000)
  to   space 20992K, 0% used [0x00000000ec980000,0x00000000ec980000,0x00000000ede00000)
 ParOldGen       total 132608K, used 35333K [0x00000000a0000000, 0x00000000a8180000, 0x00000000e0000000)
  object space 132608K, 26% used [0x00000000a0000000,0x00000000a22814e0,0x00000000a8180000)
 Metaspace       used 57386K, capacity 58954K, committed 59028K, reserved 1099776K
  class space    used 7780K, capacity 8180K, committed 8192K, reserved 1048576K
}
Event: 19,650 GC heap before
{Heap before GC invocations=14 (full 3):
 PSYoungGen      total 225280K, used 206336K [0x00000000e0000000, 0x00000000ef280000, 0x0000000100000000)
  eden space 206336K, 100% used [0x00000000e0000000,0x00000000ec980000,0x00000000ec980000)
  from space 18944K, 0% used [0x00000000ee000000,0x00000000ee000000,0x00000000ef280000)
  to   space 20992K, 0% used [0x00000000ec980000,0x00000000ec980000,0x00000000ede00000)
 ParOldGen       total 132608K, used 35333K [0x00000000a0000000, 0x00000000a8180000, 0x00000000e0000000)
  object space 132608K, 26% used [0x00000000a0000000,0x00000000a22814e0,0x00000000a8180000)
 Metaspace       used 64578K, capacity 66388K, committed 66688K, reserved 1107968K
  class space    used 8579K, capacity 9073K, committed 9088K, reserved 1048576K
Event: 19,726 GC heap after
Heap after GC invocations=14 (full 3):
 PSYoungGen      total 227328K, used 20989K [0x00000000e0000000, 0x00000000f3000000, 0x0000000100000000)
  eden space 206336K, 0% used [0x00000000e0000000,0x00000000e0000000,0x00000000ec980000)
  from space 20992K, 99% used [0x00000000ec980000,0x00000000eddff4c0,0x00000000ede00000)
  to   space 29184K, 0% used [0x00000000f1380000,0x00000000f1380000,0x00000000f3000000)
 ParOldGen       total 132608K, used 49134K [0x00000000a0000000, 0x00000000a8180000, 0x00000000e0000000)
  object space 132608K, 37% used [0x00000000a0000000,0x00000000a2ffb908,0x00000000a8180000)
 Metaspace       used 64578K, capacity 66388K, committed 66688K, reserved 1107968K
  class space    used 8579K, capacity 9073K, committed 9088K, reserved 1048576K
}
Event: 23,033 GC heap before
{Heap before GC invocations=15 (full 3):
 PSYoungGen      total 227328K, used 227325K [0x00000000e0000000, 0x00000000f3000000, 0x0000000100000000)
  eden space 206336K, 100% used [0x00000000e0000000,0x00000000ec980000,0x00000000ec980000)
  from space 20992K, 99% used [0x00000000ec980000,0x00000000eddff4c0,0x00000000ede00000)
  to   space 29184K, 0% used [0x00000000f1380000,0x00000000f1380000,0x00000000f3000000)
 ParOldGen       total 132608K, used 49134K [0x00000000a0000000, 0x00000000a8180000, 0x00000000e0000000)
  object space 132608K, 37% used [0x00000000a0000000,0x00000000a2ffb908,0x00000000a8180000)
 Metaspace       used 66507K, capacity 68312K, committed 68608K, reserved 1107968K
  class space    used 8695K, capacity 9201K, committed 9216K, reserved 1048576K
Event: 23,147 GC heap after
Heap after GC invocations=15 (full 3):
 PSYoungGen      total 266752K, used 29177K [0x00000000e0000000, 0x00000000f5580000, 0x0000000100000000)
  eden space 237568K, 0% used [0x00000000e0000000,0x00000000e0000000,0x00000000ee800000)
  from space 29184K, 99% used [0x00000000f1380000,0x00000000f2ffe488,0x00000000f3000000)
  to   space 44544K, 0% used [0x00000000ee800000,0x00000000ee800000,0x00000000f1380000)
 ParOldGen       total 132608K, used 78908K [0x00000000a0000000, 0x00000000a8180000, 0x00000000e0000000)
  object space 132608K, 59% used [0x00000000a0000000,0x00000000a4d0f198,0x00000000a8180000)
 Metaspace       used 66507K, capacity 68312K, committed 68608K, reserved 1107968K
  class space    used 8695K, capacity 9201K, committed 9216K, reserved 1048576K
}
Event: 26,245 GC heap before
{Heap before GC invocations=16 (full 3):
 PSYoungGen      total 266752K, used 266745K [0x00000000e0000000, 0x00000000f5580000, 0x0000000100000000)
  eden space 237568K, 100% used [0x00000000e0000000,0x00000000ee800000,0x00000000ee800000)
  from space 29184K, 99% used [0x00000000f1380000,0x00000000f2ffe488,0x00000000f3000000)
  to   space 44544K, 0% used [0x00000000ee800000,0x00000000ee800000,0x00000000f1380000)
 ParOldGen       total 132608K, used 78908K [0x00000000a0000000, 0x00000000a8180000, 0x00000000e0000000)
  object space 132608K, 59% used [0x00000000a0000000,0x00000000a4d0f198,0x00000000a8180000)
 Metaspace       used 75297K, capacity 78022K, committed 78208K, reserved 1116160K
  class space    used 9864K, capacity 10506K, committed 10624K, reserved 1048576K

