# JRE version: OpenJDK Runtime Environment (8.0_152-b01) (build 1.8.0_152-release-1248-b01)
# Java VM: OpenJDK 64-Bit Server VM (25.152-b01 mixed mode linux-amd64 compressed oops)
Heap:
 PSYoungGen      total 349184K, used 0K [0x00000000e0000000, 0x00000000ffa80000, 0x0000000100000000)
  eden space 315904K, 0% used [0x00000000e0000000,0x00000000e0000000,0x00000000f3480000)
  from space 33280K, 0% used [0x00000000f3480000,0x00000000f3480000,0x00000000f5500000)
  to   space 52224K, 0% used [0x00000000fc780000,0x00000000fc780000,0x00000000ffa80000)
 ParOldGen       total 146944K, used 102117K [0x00000000a0000000, 0x00000000a8f80000, 0x00000000e0000000)
  object space 146944K, 69% used [0x00000000a0000000,0x00000000a63b96d0,0x00000000a8f80000)
 Metaspace       used 74121K, capacity 76666K, committed 77056K, reserved 1116160K
  class space    used 9656K, capacity 10188K, committed 10240K, reserved 1048576K
GC Heap History (10 events):
Event: 15,128 GC heap after
Heap after GC invocations=14 (full 3):
 PSYoungGen      total 212480K, used 26605K [0x00000000e0000000, 0x00000000f2800000, 0x0000000100000000)
  eden space 185856K, 0% used [0x00000000e0000000,0x00000000e0000000,0x00000000eb580000)
  from space 26624K, 99% used [0x00000000eb580000,0x00000000ecf7b780,0x00000000ecf80000)
  to   space 35328K, 0% used [0x00000000f0580000,0x00000000f0580000,0x00000000f2800000)
 ParOldGen       total 146944K, used 56069K [0x00000000a0000000, 0x00000000a8f80000, 0x00000000e0000000)
  object space 146944K, 38% used [0x00000000a0000000,0x00000000a36c16a0,0x00000000a8f80000)
 Metaspace       used 61264K, capacity 63286K, committed 63616K, reserved 1103872K
  class space    used 8298K, capacity 8738K, committed 8832K, reserved 1048576K
}
Event: 15,956 GC heap before
{Heap before GC invocations=15 (full 3):
 PSYoungGen      total 212480K, used 211826K [0x00000000e0000000, 0x00000000f2800000, 0x0000000100000000)
  eden space 185856K, 99% used [0x00000000e0000000,0x00000000eb4e1128,0x00000000eb580000)
  from space 26624K, 99% used [0x00000000eb580000,0x00000000ecf7b780,0x00000000ecf80000)
  to   space 35328K, 0% used [0x00000000f0580000,0x00000000f0580000,0x00000000f2800000)
 ParOldGen       total 146944K, used 56069K [0x00000000a0000000, 0x00000000a8f80000, 0x00000000e0000000)
  object space 146944K, 38% used [0x00000000a0000000,0x00000000a36c16a0,0x00000000a8f80000)
 Metaspace       used 62968K, capacity 65176K, committed 65408K, reserved 1105920K
  class space    used 8521K, capacity 9001K, committed 9088K, reserved 1048576K
Event: 16,004 GC heap after
Heap after GC invocations=15 (full 3):
 PSYoungGen      total 268800K, used 9122K [0x00000000e0000000, 0x00000000f3380000, 0x0000000100000000)
  eden space 233472K, 0% used [0x00000000e0000000,0x00000000e0000000,0x00000000ee400000)
  from space 35328K, 25% used [0x00000000f0580000,0x00000000f0e68a70,0x00000000f2800000)
  to   space 34304K, 0% used [0x00000000ee400000,0x00000000ee400000,0x00000000f0580000)
 ParOldGen       total 146944K, used 82760K [0x00000000a0000000, 0x00000000a8f80000, 0x00000000e0000000)
  object space 146944K, 56% used [0x00000000a0000000,0x00000000a50d2100,0x00000000a8f80000)
 Metaspace       used 62968K, capacity 65176K, committed 65408K, reserved 1105920K
  class space    used 8521K, capacity 9001K, committed 9088K, reserved 1048576K
}
Event: 16,041 GC heap before
{Heap before GC invocations=16 (full 3):
 PSYoungGen      total 268800K, used 241575K [0x00000000e0000000, 0x00000000f3380000, 0x0000000100000000)
  eden space 233472K, 99% used [0x00000000e0000000,0x00000000ee301268,0x00000000ee400000)
  from space 35328K, 25% used [0x00000000f0580000,0x00000000f0e68a70,0x00000000f2800000)
  to   space 34304K, 0% used [0x00000000ee400000,0x00000000ee400000,0x00000000f0580000)
 ParOldGen       total 146944K, used 82760K [0x00000000a0000000, 0x00000000a8f80000, 0x00000000e0000000)
  object space 146944K, 56% used [0x00000000a0000000,0x00000000a50d2100,0x00000000a8f80000)
 Metaspace       used 62977K, capacity 65176K, committed 65408K, reserved 1105920K
  class space    used 8521K, capacity 9001K, committed 9088K, reserved 1048576K
Event: 16,045 GC heap after
Heap after GC invocations=16 (full 3):
 PSYoungGen      total 267776K, used 128K [0x00000000e0000000, 0x00000000f8180000, 0x0000000100000000)
  eden space 233472K, 0% used [0x00000000e0000000,0x00000000e0000000,0x00000000ee400000)
  from space 34304K, 0% used [0x00000000ee400000,0x00000000ee420000,0x00000000f0580000)
  to   space 34816K, 0% used [0x00000000f5f80000,0x00000000f5f80000,0x00000000f8180000)
 ParOldGen       total 146944K, used 85637K [0x00000000a0000000, 0x00000000a8f80000, 0x00000000e0000000)
  object space 146944K, 58% used [0x00000000a0000000,0x00000000a53a1790,0x00000000a8f80000)
 Metaspace       used 62977K, capacity 65176K, committed 65408K, reserved 1105920K
  class space    used 8521K, capacity 9001K, committed 9088K, reserved 1048576K
}
Event: 111,394 GC heap before
{Heap before GC invocations=17 (full 3):
 PSYoungGen      total 267776K, used 233600K [0x00000000e0000000, 0x00000000f8180000, 0x0000000100000000)
  eden space 233472K, 100% used [0x00000000e0000000,0x00000000ee400000,0x00000000ee400000)
  from space 34304K, 0% used [0x00000000ee400000,0x00000000ee420000,0x00000000f0580000)
  to   space 34816K, 0% used [0x00000000f5f80000,0x00000000f5f80000,0x00000000f8180000)
 ParOldGen       total 146944K, used 85637K [0x00000000a0000000, 0x00000000a8f80000, 0x00000000e0000000)
  object space 146944K, 58% used [0x00000000a0000000,0x00000000a53a1790,0x00000000a8f80000)
 Metaspace       used 66853K, capacity 69312K, committed 69376K, reserved 1110016K
  class space    used 8913K, capacity 9441K, committed 9472K, reserved 1048576K
Event: 111,441 GC heap after
Heap after GC invocations=17 (full 3):
 PSYoungGen      total 338432K, used 6935K [0x00000000e0000000, 0x00000000f7580000, 0x0000000100000000)
  eden space 315904K, 0% used [0x00000000e0000000,0x00000000e0000000,0x00000000f3480000)
  from space 22528K, 30% used [0x00000000f5f80000,0x00000000f6645c00,0x00000000f7580000)
  to   space 33280K, 0% used [0x00000000f3480000,0x00000000f3480000,0x00000000f5500000)
 ParOldGen       total 146944K, used 85669K [0x00000000a0000000, 0x00000000a8f80000, 0x00000000e0000000)
  object space 146944K, 58% used [0x00000000a0000000,0x00000000a53a9790,0x00000000a8f80000)
 Metaspace       used 66853K, capacity 69312K, committed 69376K, reserved 1110016K
  class space    used 8913K, capacity 9441K, committed 9472K, reserved 1048576K
}
Event: 459,719 GC heap before
{Heap before GC invocations=18 (full 3):
 PSYoungGen      total 338432K, used 322839K [0x00000000e0000000, 0x00000000f7580000, 0x0000000100000000)
  eden space 315904K, 100% used [0x00000000e0000000,0x00000000f3480000,0x00000000f3480000)
  from space 22528K, 30% used [0x00000000f5f80000,0x00000000f6645c00,0x00000000f7580000)
  to   space 33280K, 0% used [0x00000000f3480000,0x00000000f3480000,0x00000000f5500000)
 ParOldGen       total 146944K, used 85669K [0x00000000a0000000, 0x00000000a8f80000, 0x00000000e0000000)
  object space 146944K, 58% used [0x00000000a0000000,0x00000000a53a9790,0x00000000a8f80000)
 Metaspace       used 74138K, capacity 76716K, committed 77056K, reserved 1116160K
  class space    used 9662K, capacity 10199K, committed 10240K, reserved 1048576K
Event: 460,203 GC heap after
Heap after GC invocations=18 (full 3):
 PSYoungGen      total 349184K, used 33251K [0x00000000e0000000, 0x00000000ffa80000, 0x0000000100000000)
  eden space 315904K, 0% used [0x00000000e0000000,0x00000000e0000000,0x00000000f3480000)
  from space 33280K, 99% used [0x00000000f3480000,0x00000000f54f8ef0,0x00000000f5500000)
  to   space 52224K, 0% used [0x00000000fc780000,0x00000000fc780000,0x00000000ffa80000)
 ParOldGen       total 146944K, used 121461K [0x00000000a0000000, 0x00000000a8f80000, 0x00000000e0000000)
  object space 146944K, 82% used [0x00000000a0000000,0x00000000a769d4c0,0x00000000a8f80000)
 Metaspace       used 74138K, capacity 76716K, committed 77056K, reserved 1116160K
  class space    used 9662K, capacity 10199K, committed 10240K, reserved 1048576K
}
Event: 460,214 GC heap before
{Heap before GC invocations=19 (full 4):
 PSYoungGen      total 349184K, used 33251K [0x00000000e0000000, 0x00000000ffa80000, 0x0000000100000000)
  eden space 315904K, 0% used [0x00000000e0000000,0x00000000e0000000,0x00000000f3480000)
  from space 33280K, 99% used [0x00000000f3480000,0x00000000f54f8ef0,0x00000000f5500000)
  to   space 52224K, 0% used [0x00000000fc780000,0x00000000fc780000,0x00000000ffa80000)
 ParOldGen       total 146944K, used 121461K [0x00000000a0000000, 0x00000000a8f80000, 0x00000000e0000000)
  object space 146944K, 82% used [0x00000000a0000000,0x00000000a769d4c0,0x00000000a8f80000)
 Metaspace       used 74138K, capacity 76716K, committed 77056K, reserved 1116160K
  class space    used 9662K, capacity 10199K, committed 10240K, reserved 1048576K

